<?xml version="1.0" encoding="UTF-8"?>
<!-- Generated by org.testng.reporters.JUnitReportReporter -->
<testsuite hostname="AARONEVANS1ACF" failures="0" tests="4" name="webdrivertraining.BrowserDriverTests" time="24.291" errors="0" timestamp="2021-01-21T11:03:57 MST" skipped="0">
  <testcase classname="webdrivertraining.BrowserDriverTests" name="launchEdge" time="5.521"/>
  <system-out/>
  <testcase classname="webdrivertraining.BrowserDriverTests" name="launchChrome" time="6.030"/>
  <system-out/>
  <testcase classname="webdrivertraining.BrowserDriverTests" name="launchFirefox" time="9.288"/>
  <system-out/>
  <testcase classname="webdrivertraining.BrowserDriverTests" name="launchIE" time="3.452"/>
  <system-out/>
</testsuite> <!-- webdrivertraining.BrowserDriverTests -->
