<?xml version="1.0" encoding="UTF-8"?>
<!-- Generated by org.testng.reporters.JUnitReportReporter -->
<testsuite hostname="AARONEVANS1ACF" failures="0" tests="1" name="webdrivertraining.FirefoxDriverTest" time="10.761" errors="0" timestamp="2021-01-21T10:57:09 MST" skipped="0">
  <testcase classname="webdrivertraining.FirefoxDriverTest" name="launchFirefox" time="10.761"/>
  <system-out/>
</testsuite> <!-- webdrivertraining.FirefoxDriverTest -->
