<?xml version="1.0" encoding="UTF-8"?>
<!-- Generated by org.testng.reporters.JUnitReportReporter -->
<testsuite hostname="AARONEVANS1ACF" failures="0" tests="4" name="webdrivertraining.BrowserDriverTests" time="31.915" errors="0" timestamp="2021-01-21T16:13:29 MST" skipped="0">
  <testcase classname="webdrivertraining.BrowserDriverTests" name="launchChrome" time="6.576"/>
  <system-out/>
  <testcase classname="webdrivertraining.BrowserDriverTests" name="launchFirefox" time="13.471"/>
  <system-out/>
  <testcase classname="webdrivertraining.BrowserDriverTests" name="launchEdge" time="5.776"/>
  <system-out/>
  <testcase classname="webdrivertraining.BrowserDriverTests" name="launchIE" time="6.092"/>
  <system-out/>
</testsuite> <!-- webdrivertraining.BrowserDriverTests -->
